<?xml version="1.0" encoding="UTF-8"?>
<!-- Generated by org.testng.reporters.JUnitXMLReporter -->
<testsuite ignored="0" hostname="SAHANAPANDIT-5CG846405S" failures="0" tests="5" name="AnnotationsDemo" time="0.058" errors="0" timestamp="2022-02-22T10:09:59 IST">
  <testcase classname="Annotation.Annotation1" name="test1" time="0.0"/>
  <testcase classname="Annotation.Annotation1" name="test2" time="0.0"/>
  <testcase classname="Annotation.Annotation1" name="test3" time="0.0"/>
  <testcase classname="Annotation.Annotation2" name="test4" time="0.003"/>
  <testcase classname="Annotation.Annotation2" name="test5" time="0.0"/>
</testsuite> <!-- AnnotationsDemo -->
