<?xml version="1.0" encoding="UTF-8"?>
<testng-results ignored="3" total="4" passed="1" failed="0" skipped="0">
  <reporter-output>
  </reporter-output>
  <suite started-at="2022-04-08T11:20:36 IST" name="All Test Suite" finished-at="2022-04-08T11:20:36 IST" duration-ms="77">
    <groups>
    </groups>
    <test started-at="2022-04-08T11:20:36 IST" name="C:/Users/sahanp/IdeaProjects/TestngProject/src/TestCases" finished-at="2022-04-08T11:20:36 IST" duration-ms="77">
      <class name="SecondTestCase">
        <test-method signature="setup()[pri:1, instance:SecondTestCase@44ebcd03]" started-at="2022-04-08T11:20:36 IST" name="setup" finished-at="2022-04-08T11:20:36 IST" duration-ms="10" status="PASS">
          <reporter-output>
          </reporter-output>
        </test-method> <!-- setup -->
      </class> <!-- SecondTestCase -->
    </test> <!-- C:/Users/sahanp/IdeaProjects/TestngProject/src/TestCases -->
  </suite> <!-- All Test Suite -->
</testng-results>
